<?xml version="1.0" encoding="UTF-8"?>
<testsuite xmlns:xsi="http://www.w3.org/2001/XMLSchema-instance" xsi:schemaLocation="https://maven.apache.org/surefire/maven-surefire-plugin/xsd/surefire-test-report.xsd" name="TestSuite" time="23.265" tests="1" errors="0" skipped="0" failures="1">
  <properties>
[...]
</properties>
  <testcase name="login" classname="com.automation.testscripts.LoginTest" time="1.406">
    <failure message="Can&apos;t locate an element by this strategy: By.id: usernameOrEmail&#10;For documentation on this error, please visit: http://seleniumhq.org/exceptions/no_such_element.html&#10;Build info: version: &apos;2.48.0&apos;, revision: &apos;b7b081a4f1289f17e8ecd38bc67e137c2a12e34a&apos;, time: &apos;2015-10-07 09:50:14&apos;&#10;System info: host: &apos;DESKTOP-02QTJU3&apos;, ip: &apos;192.168.14.2&apos;, os.name: &apos;Windows 10&apos;, os.arch: &apos;amd64&apos;, os.version: &apos;10.0&apos;, java.version: &apos;1.8.0_66&apos;&#10;Driver info: driver.version: unknown" type="org.openqa.selenium.NoSuchElementException">org.openqa.selenium.NoSuchElementException: 
Can't locate an element by this strategy: By.id: usernameOrEmail
For documentation on this error, please visit: http://seleniumhq.org/exceptions/no_such_element.html
Build info: version: '2.48.0', revision: 'b7b081a4f1289f17e8ecd38bc67e137c2a12e34a', time: '2015-10-07 09:50:14'
System info: host: 'DESKTOP-02QTJU3', ip: '192.168.14.2', os.name: 'Windows 10', os.arch: 'amd64', os.version: '10.0', java.version: '1.8.0_66'
Driver info: driver.version: unknown
	at com.automation.testscripts.LoginTest.login(LoginTest.java:32)
</failure>
    <system-out><![CDATA[web
mobile
Chrome Browser is opening..... 
ChromeDriver: chrome on XP (78357c865a257e24c48dcb878d15f4bb)
]]></system-out>
    <system-err><![CDATA[Starting ChromeDriver 2.31.488763 (092de99f48a300323ecf8c2a4e2e7cab51de5ba8) on port 39775
Only local connections are allowed.
]]></system-err>
  </testcase>
</testsuite>